<?xml version="1.0" encoding="UTF-8"?>
<!-- Generated by org.testng.reporters.JUnitReportReporter -->
<testsuite hostname="DESKTOP-AUTHA2K" failures="0" tests="4" name="tests.GroupingTestNG" time="0.000" errors="0" timestamp="2021-12-24T02:37:29 IST" skipped="0">
  <testcase classname="tests.GroupingTestNG" name="TC1" time="0.000"/>
  <system-out/>
  <testcase classname="tests.GroupingTestNG" name="TC2" time="0.000"/>
  <system-out/>
  <testcase classname="tests.GroupingTestNG" name="TC4" time="0.000"/>
  <system-out/>
  <testcase classname="tests.GroupingTestNG" name="TC3" time="0.000"/>
  <system-out/>
</testsuite> <!-- tests.GroupingTestNG -->
