<?xml version="1.0" encoding="UTF-8"?>
<!-- Generated by org.testng.reporters.JUnitReportReporter -->
<testsuite hostname="DESKTOP-AUTHA2K" failures="0" tests="2" name="tests.PriorityTestNG" time="0.013" errors="0" timestamp="2021-12-24T08:34:50 IST" skipped="0">
  <testcase classname="tests.PriorityTestNG" name="Ta" time="0.012"/>
  <system-out/>
  <testcase classname="tests.PriorityTestNG" name="TD" time="0.001"/>
  <system-out/>
</testsuite> <!-- tests.PriorityTestNG -->
