<?xml version="1.0" encoding="UTF-8"?>
<!-- Generated by org.testng.reporters.JUnitReportReporter -->
<testsuite hostname="Jintu" failures="0" tests="1" name="tests.TC02_AddEmployee" time="66.810" errors="0" timestamp="2022-02-16T12:31:55 IST" skipped="0">
  <testcase classname="tests.TC02_AddEmployee" name="TC_02_AddEmployee" time="66.810"/>
  <system-out/>
</testsuite> <!-- tests.TC02_AddEmployee -->
